2022-01-22 16:52:05,136 - pg_train.py[line:89] - INFO: number of graphs(train): 2962
2022-01-22 16:52:05,139 - pg_train.py[line:89] - INFO: number of graphs(val):  401
2022-01-22 16:52:05,141 - pg_train.py[line:89] - INFO: number of graphs(test):  401
2022-01-22 16:52:33,884 - pg_train.py[line:147] - INFO: Epoch: 1, LR: 0.00100, Ratio: 0.40, Train Loss: -0.656, Val Loss: -0.663
2022-01-22 16:52:33,886 - pg_train.py[line:148] - INFO: ACC:[[0.51 0.55 0.56 0.59 0.61 0.65 0.7  0.77 0.88 1.  ]] ACC-AUC: 0.681
2022-01-22 16:53:00,439 - pg_train.py[line:147] - INFO: Epoch: 2, LR: 0.00100, Ratio: 0.40, Train Loss: -1.326, Val Loss: -0.666
2022-01-22 16:53:00,440 - pg_train.py[line:148] - INFO: ACC:[[0.56 0.57 0.58 0.62 0.63 0.64 0.68 0.77 0.86 1.  ]] ACC-AUC: 0.691
2022-01-22 16:53:27,004 - pg_train.py[line:147] - INFO: Epoch: 3, LR: 0.00100, Ratio: 0.40, Train Loss: -1.998, Val Loss: -0.669
2022-01-22 16:53:27,005 - pg_train.py[line:148] - INFO: ACC:[[0.55 0.56 0.59 0.6  0.63 0.67 0.68 0.77 0.86 1.  ]] ACC-AUC: 0.691
2022-01-22 16:53:53,640 - pg_train.py[line:147] - INFO: Epoch: 4, LR: 0.00100, Ratio: 0.40, Train Loss: -2.671, Val Loss: -0.669
2022-01-22 16:53:53,641 - pg_train.py[line:148] - INFO: ACC:[[0.56 0.57 0.57 0.63 0.67 0.68 0.72 0.78 0.85 1.  ]] ACC-AUC: 0.703
2022-01-22 16:54:20,158 - pg_train.py[line:147] - INFO: Epoch: 5, LR: 0.00100, Ratio: 0.40, Train Loss: -3.344, Val Loss: -0.674
2022-01-22 16:54:20,160 - pg_train.py[line:148] - INFO: ACC:[[0.58 0.55 0.6  0.64 0.65 0.68 0.73 0.8  0.87 1.  ]] ACC-AUC: 0.710
2022-01-22 16:54:46,705 - pg_train.py[line:147] - INFO: Epoch: 6, LR: 0.00100, Ratio: 0.40, Train Loss: -4.020, Val Loss: -0.671
2022-01-22 16:54:46,706 - pg_train.py[line:148] - INFO: ACC:[[0.6  0.56 0.58 0.62 0.64 0.69 0.72 0.79 0.87 1.  ]] ACC-AUC: 0.707
2022-01-22 16:55:13,304 - pg_train.py[line:147] - INFO: Epoch: 7, LR: 0.00100, Ratio: 0.40, Train Loss: -4.695, Val Loss: -0.670
2022-01-22 16:55:13,306 - pg_train.py[line:148] - INFO: ACC:[[0.58 0.56 0.59 0.6  0.63 0.67 0.7  0.74 0.85 1.  ]] ACC-AUC: 0.692
2022-01-22 16:55:39,877 - pg_train.py[line:147] - INFO: Epoch: 8, LR: 0.00100, Ratio: 0.40, Train Loss: -5.371, Val Loss: -0.672
2022-01-22 16:55:39,878 - pg_train.py[line:148] - INFO: ACC:[[0.57 0.56 0.57 0.57 0.61 0.65 0.65 0.7  0.83 1.  ]] ACC-AUC: 0.671
2022-01-22 16:56:06,474 - pg_train.py[line:147] - INFO: Epoch: 9, LR: 0.00020, Ratio: 0.40, Train Loss: -6.048, Val Loss: -0.674
2022-01-22 16:56:06,475 - pg_train.py[line:148] - INFO: ACC:[[0.56 0.56 0.57 0.59 0.6  0.62 0.62 0.7  0.84 1.  ]] ACC-AUC: 0.666
2022-01-22 16:56:33,070 - pg_train.py[line:147] - INFO: Epoch: 10, LR: 0.00020, Ratio: 0.40, Train Loss: -6.726, Val Loss: -0.672
2022-01-22 16:56:33,070 - pg_train.py[line:148] - INFO: ACC:[[0.56 0.56 0.57 0.58 0.6  0.61 0.62 0.69 0.83 1.  ]] ACC-AUC: 0.662
2022-01-22 16:56:59,591 - pg_train.py[line:147] - INFO: Epoch: 11, LR: 0.00020, Ratio: 0.40, Train Loss: -7.403, Val Loss: -0.673
2022-01-22 16:56:59,591 - pg_train.py[line:148] - INFO: ACC:[[0.56 0.55 0.58 0.58 0.62 0.61 0.62 0.7  0.84 1.  ]] ACC-AUC: 0.666
2022-01-22 16:57:26,111 - pg_train.py[line:147] - INFO: Epoch: 12, LR: 0.00020, Ratio: 0.40, Train Loss: -8.081, Val Loss: -0.672
2022-01-22 16:57:26,112 - pg_train.py[line:148] - INFO: ACC:[[0.56 0.56 0.58 0.59 0.61 0.63 0.62 0.71 0.81 1.  ]] ACC-AUC: 0.667
2022-01-22 16:57:52,645 - pg_train.py[line:147] - INFO: Epoch: 13, LR: 0.00004, Ratio: 0.40, Train Loss: -8.759, Val Loss: -0.674
2022-01-22 16:57:52,646 - pg_train.py[line:148] - INFO: ACC:[[0.56 0.55 0.58 0.59 0.62 0.64 0.65 0.7  0.81 1.  ]] ACC-AUC: 0.670
2022-01-22 16:58:19,189 - pg_train.py[line:147] - INFO: Epoch: 14, LR: 0.00004, Ratio: 0.40, Train Loss: -9.437, Val Loss: -0.674
2022-01-22 16:58:19,190 - pg_train.py[line:148] - INFO: ACC:[[0.56 0.55 0.58 0.6  0.62 0.64 0.65 0.69 0.82 1.  ]] ACC-AUC: 0.669
2022-01-22 16:58:45,646 - pg_train.py[line:147] - INFO: Epoch: 15, LR: 0.00004, Ratio: 0.40, Train Loss: -10.115, Val Loss: -0.673
2022-01-22 16:58:45,647 - pg_train.py[line:148] - INFO: ACC:[[0.56 0.55 0.57 0.6  0.61 0.64 0.65 0.68 0.81 1.  ]] ACC-AUC: 0.668
2022-01-22 16:59:12,163 - pg_train.py[line:147] - INFO: Epoch: 16, LR: 0.00004, Ratio: 0.40, Train Loss: -10.793, Val Loss: -0.675
2022-01-22 16:59:12,164 - pg_train.py[line:148] - INFO: ACC:[[0.56 0.55 0.57 0.59 0.61 0.64 0.64 0.68 0.82 1.  ]] ACC-AUC: 0.666
2022-01-22 16:59:38,665 - pg_train.py[line:147] - INFO: Epoch: 17, LR: 0.00004, Ratio: 0.40, Train Loss: -11.471, Val Loss: -0.673
2022-01-22 16:59:38,666 - pg_train.py[line:148] - INFO: ACC:[[0.56 0.55 0.57 0.6  0.61 0.64 0.64 0.69 0.81 1.  ]] ACC-AUC: 0.666
2022-01-22 17:00:05,209 - pg_train.py[line:147] - INFO: Epoch: 18, LR: 0.00004, Ratio: 0.40, Train Loss: -12.149, Val Loss: -0.673
2022-01-22 17:00:05,210 - pg_train.py[line:148] - INFO: ACC:[[0.56 0.56 0.57 0.59 0.62 0.64 0.65 0.68 0.81 1.  ]] ACC-AUC: 0.668
2022-01-22 17:00:31,719 - pg_train.py[line:147] - INFO: Epoch: 19, LR: 0.00004, Ratio: 0.40, Train Loss: -12.827, Val Loss: -0.675
2022-01-22 17:00:31,719 - pg_train.py[line:148] - INFO: ACC:[[0.56 0.56 0.58 0.59 0.61 0.64 0.64 0.68 0.82 1.  ]] ACC-AUC: 0.669
2022-01-22 17:00:58,269 - pg_train.py[line:147] - INFO: Epoch: 20, LR: 0.00004, Ratio: 0.40, Train Loss: -13.505, Val Loss: -0.675
2022-01-22 17:00:58,270 - pg_train.py[line:148] - INFO: ACC:[[0.57 0.56 0.57 0.6  0.62 0.64 0.65 0.69 0.81 1.  ]] ACC-AUC: 0.670
2022-01-22 17:01:24,809 - pg_train.py[line:147] - INFO: Epoch: 21, LR: 0.00004, Ratio: 0.40, Train Loss: -14.183, Val Loss: -0.673
2022-01-22 17:01:24,810 - pg_train.py[line:148] - INFO: ACC:[[0.56 0.55 0.58 0.6  0.62 0.64 0.64 0.71 0.81 1.  ]] ACC-AUC: 0.673
2022-01-22 17:01:51,337 - pg_train.py[line:147] - INFO: Epoch: 22, LR: 0.00004, Ratio: 0.40, Train Loss: -14.861, Val Loss: -0.674
2022-01-22 17:01:51,338 - pg_train.py[line:148] - INFO: ACC:[[0.56 0.56 0.58 0.6  0.62 0.64 0.64 0.71 0.81 1.  ]] ACC-AUC: 0.672
2022-01-22 17:02:17,886 - pg_train.py[line:147] - INFO: Epoch: 23, LR: 0.00004, Ratio: 0.40, Train Loss: -15.539, Val Loss: -0.672
2022-01-22 17:02:17,887 - pg_train.py[line:148] - INFO: ACC:[[0.56 0.55 0.58 0.59 0.62 0.64 0.64 0.71 0.81 1.  ]] ACC-AUC: 0.669
2022-01-22 17:02:44,422 - pg_train.py[line:147] - INFO: Epoch: 24, LR: 0.00001, Ratio: 0.40, Train Loss: -16.217, Val Loss: -0.672
2022-01-22 17:02:44,423 - pg_train.py[line:148] - INFO: ACC:[[0.56 0.55 0.57 0.59 0.62 0.64 0.64 0.71 0.81 1.  ]] ACC-AUC: 0.669
2022-01-22 17:03:10,947 - pg_train.py[line:147] - INFO: Epoch: 25, LR: 0.00001, Ratio: 0.40, Train Loss: -16.896, Val Loss: -0.674
2022-01-22 17:03:10,948 - pg_train.py[line:148] - INFO: ACC:[[0.56 0.56 0.58 0.59 0.62 0.64 0.64 0.7  0.82 1.  ]] ACC-AUC: 0.670
