2022-01-20 18:37:55,984 - pg_train.py[line:89] - INFO: number of graphs(train): 5986
2022-01-20 18:37:55,987 - pg_train.py[line:89] - INFO: number of graphs(val):  973
2022-01-20 18:37:55,989 - pg_train.py[line:89] - INFO: number of graphs(test):  979
2022-01-20 18:39:42,374 - pg_train.py[line:147] - INFO: Epoch: 1, LR: 0.00100, Ratio: 0.20, Train Loss: -0.968, Val Loss: -0.968
2022-01-20 18:39:42,376 - pg_train.py[line:148] - INFO: ACC:[[0.19 0.21 0.24 0.3  0.4  0.51 0.68 0.85 0.96 1.  ]] ACC-AUC: 0.535
2022-01-20 18:41:26,100 - pg_train.py[line:147] - INFO: Epoch: 2, LR: 0.00100, Ratio: 0.20, Train Loss: -1.938, Val Loss: -0.969
2022-01-20 18:41:26,103 - pg_train.py[line:148] - INFO: ACC:[[0.18 0.24 0.26 0.32 0.41 0.51 0.68 0.85 0.96 1.  ]] ACC-AUC: 0.541
2022-01-20 18:43:09,977 - pg_train.py[line:147] - INFO: Epoch: 3, LR: 0.00100, Ratio: 0.20, Train Loss: -2.909, Val Loss: -0.968
2022-01-20 18:43:09,979 - pg_train.py[line:148] - INFO: ACC:[[0.21 0.23 0.26 0.34 0.4  0.51 0.67 0.84 0.96 1.  ]] ACC-AUC: 0.541
2022-01-20 18:44:53,833 - pg_train.py[line:147] - INFO: Epoch: 4, LR: 0.00100, Ratio: 0.20, Train Loss: -3.880, Val Loss: -0.968
2022-01-20 18:44:53,835 - pg_train.py[line:148] - INFO: ACC:[[0.19 0.21 0.27 0.34 0.4  0.52 0.67 0.84 0.96 1.  ]] ACC-AUC: 0.540
2022-01-20 18:46:37,715 - pg_train.py[line:147] - INFO: Epoch: 5, LR: 0.00100, Ratio: 0.20, Train Loss: -4.850, Val Loss: -0.969
2022-01-20 18:46:37,717 - pg_train.py[line:148] - INFO: ACC:[[0.19 0.22 0.27 0.33 0.41 0.53 0.67 0.84 0.96 1.  ]] ACC-AUC: 0.542
2022-01-20 18:48:21,583 - pg_train.py[line:147] - INFO: Epoch: 6, LR: 0.00100, Ratio: 0.20, Train Loss: -5.821, Val Loss: -0.968
2022-01-20 18:48:21,586 - pg_train.py[line:148] - INFO: ACC:[[0.19 0.22 0.26 0.34 0.41 0.52 0.67 0.84 0.96 1.  ]] ACC-AUC: 0.542
2022-01-20 18:50:05,463 - pg_train.py[line:147] - INFO: Epoch: 7, LR: 0.00100, Ratio: 0.20, Train Loss: -6.792, Val Loss: -0.968
2022-01-20 18:50:05,465 - pg_train.py[line:148] - INFO: ACC:[[0.19 0.22 0.27 0.34 0.41 0.53 0.67 0.84 0.96 1.  ]] ACC-AUC: 0.541
2022-01-20 18:51:49,372 - pg_train.py[line:147] - INFO: Epoch: 8, LR: 0.00100, Ratio: 0.20, Train Loss: -7.763, Val Loss: -0.969
2022-01-20 18:51:49,374 - pg_train.py[line:148] - INFO: ACC:[[0.19 0.21 0.26 0.33 0.41 0.52 0.67 0.84 0.96 1.  ]] ACC-AUC: 0.540
2022-01-20 18:53:33,223 - pg_train.py[line:147] - INFO: Epoch: 9, LR: 0.00100, Ratio: 0.20, Train Loss: -8.733, Val Loss: -0.968
2022-01-20 18:53:33,224 - pg_train.py[line:148] - INFO: ACC:[[0.19 0.22 0.26 0.33 0.41 0.53 0.67 0.84 0.96 1.  ]] ACC-AUC: 0.540
2022-01-20 18:55:17,190 - pg_train.py[line:147] - INFO: Epoch: 10, LR: 0.00100, Ratio: 0.20, Train Loss: -9.704, Val Loss: -0.969
2022-01-20 18:55:17,192 - pg_train.py[line:148] - INFO: ACC:[[0.19 0.22 0.26 0.33 0.41 0.53 0.67 0.84 0.96 1.  ]] ACC-AUC: 0.542
2022-01-20 18:57:01,113 - pg_train.py[line:147] - INFO: Epoch: 11, LR: 0.00100, Ratio: 0.20, Train Loss: -10.675, Val Loss: -0.968
2022-01-20 18:57:01,115 - pg_train.py[line:148] - INFO: ACC:[[0.19 0.22 0.27 0.33 0.41 0.52 0.68 0.84 0.96 1.  ]] ACC-AUC: 0.541
2022-01-20 18:58:44,955 - pg_train.py[line:147] - INFO: Epoch: 12, LR: 0.00100, Ratio: 0.20, Train Loss: -11.646, Val Loss: -0.969
2022-01-20 18:58:44,957 - pg_train.py[line:148] - INFO: ACC:[[0.2  0.22 0.27 0.33 0.41 0.52 0.68 0.84 0.95 1.  ]] ACC-AUC: 0.542
2022-01-20 19:00:28,840 - pg_train.py[line:147] - INFO: Epoch: 13, LR: 0.00100, Ratio: 0.20, Train Loss: -12.616, Val Loss: -0.969
2022-01-20 19:00:28,842 - pg_train.py[line:148] - INFO: ACC:[[0.19 0.22 0.27 0.33 0.41 0.53 0.68 0.84 0.95 1.  ]] ACC-AUC: 0.542
2022-01-20 19:02:12,749 - pg_train.py[line:147] - INFO: Epoch: 14, LR: 0.00100, Ratio: 0.20, Train Loss: -13.587, Val Loss: -0.968
2022-01-20 19:02:12,750 - pg_train.py[line:148] - INFO: ACC:[[0.2  0.22 0.27 0.34 0.41 0.53 0.68 0.84 0.96 1.  ]] ACC-AUC: 0.543
2022-01-20 19:03:56,693 - pg_train.py[line:147] - INFO: Epoch: 15, LR: 0.00100, Ratio: 0.20, Train Loss: -14.558, Val Loss: -0.969
2022-01-20 19:03:56,695 - pg_train.py[line:148] - INFO: ACC:[[0.19 0.21 0.26 0.34 0.41 0.53 0.68 0.84 0.96 1.  ]] ACC-AUC: 0.542
2022-01-20 19:05:40,620 - pg_train.py[line:147] - INFO: Epoch: 16, LR: 0.00100, Ratio: 0.20, Train Loss: -15.529, Val Loss: -0.968
2022-01-20 19:05:40,622 - pg_train.py[line:148] - INFO: ACC:[[0.19 0.22 0.27 0.34 0.41 0.53 0.67 0.84 0.96 1.  ]] ACC-AUC: 0.544
2022-01-20 19:07:24,422 - pg_train.py[line:147] - INFO: Epoch: 17, LR: 0.00100, Ratio: 0.20, Train Loss: -16.499, Val Loss: -0.968
2022-01-20 19:07:24,424 - pg_train.py[line:148] - INFO: ACC:[[0.19 0.22 0.27 0.34 0.41 0.53 0.68 0.84 0.96 1.  ]] ACC-AUC: 0.543
2022-01-20 19:09:08,324 - pg_train.py[line:147] - INFO: Epoch: 18, LR: 0.00100, Ratio: 0.20, Train Loss: -17.470, Val Loss: -0.969
2022-01-20 19:09:08,326 - pg_train.py[line:148] - INFO: ACC:[[0.19 0.22 0.27 0.33 0.41 0.53 0.68 0.84 0.95 1.  ]] ACC-AUC: 0.542
2022-01-20 19:10:52,285 - pg_train.py[line:147] - INFO: Epoch: 19, LR: 0.00100, Ratio: 0.20, Train Loss: -18.441, Val Loss: -0.968
2022-01-20 19:10:52,287 - pg_train.py[line:148] - INFO: ACC:[[0.2  0.22 0.27 0.34 0.41 0.53 0.68 0.84 0.96 1.  ]] ACC-AUC: 0.544
2022-01-20 19:12:36,321 - pg_train.py[line:147] - INFO: Epoch: 20, LR: 0.00100, Ratio: 0.20, Train Loss: -19.412, Val Loss: -0.969
2022-01-20 19:12:36,322 - pg_train.py[line:148] - INFO: ACC:[[0.19 0.22 0.27 0.33 0.42 0.52 0.68 0.84 0.96 1.  ]] ACC-AUC: 0.543
2022-01-20 19:14:20,305 - pg_train.py[line:147] - INFO: Epoch: 21, LR: 0.00100, Ratio: 0.20, Train Loss: -20.382, Val Loss: -0.968
2022-01-20 19:14:20,306 - pg_train.py[line:148] - INFO: ACC:[[0.19 0.22 0.28 0.34 0.42 0.52 0.68 0.84 0.96 1.  ]] ACC-AUC: 0.544
2022-01-20 19:16:04,281 - pg_train.py[line:147] - INFO: Epoch: 22, LR: 0.00100, Ratio: 0.20, Train Loss: -21.353, Val Loss: -0.968
2022-01-20 19:16:04,283 - pg_train.py[line:148] - INFO: ACC:[[0.19 0.22 0.28 0.34 0.42 0.53 0.68 0.84 0.96 1.  ]] ACC-AUC: 0.544
2022-01-20 19:17:48,207 - pg_train.py[line:147] - INFO: Epoch: 23, LR: 0.00100, Ratio: 0.20, Train Loss: -22.324, Val Loss: -0.968
2022-01-20 19:17:48,209 - pg_train.py[line:148] - INFO: ACC:[[0.19 0.21 0.27 0.34 0.42 0.53 0.68 0.84 0.95 1.  ]] ACC-AUC: 0.543
2022-01-20 19:19:32,159 - pg_train.py[line:147] - INFO: Epoch: 24, LR: 0.00100, Ratio: 0.20, Train Loss: -23.295, Val Loss: -0.968
2022-01-20 19:19:32,161 - pg_train.py[line:148] - INFO: ACC:[[0.19 0.21 0.27 0.34 0.41 0.53 0.68 0.84 0.95 1.  ]] ACC-AUC: 0.542
2022-01-20 19:21:16,081 - pg_train.py[line:147] - INFO: Epoch: 25, LR: 0.00100, Ratio: 0.20, Train Loss: -24.266, Val Loss: -0.968
2022-01-20 19:21:16,083 - pg_train.py[line:148] - INFO: ACC:[[0.19 0.22 0.27 0.33 0.41 0.53 0.68 0.84 0.95 1.  ]] ACC-AUC: 0.542
2022-01-20 19:22:59,980 - pg_train.py[line:147] - INFO: Epoch: 26, LR: 0.00100, Ratio: 0.20, Train Loss: -25.236, Val Loss: -0.969
2022-01-20 19:22:59,982 - pg_train.py[line:148] - INFO: ACC:[[0.19 0.22 0.27 0.33 0.41 0.52 0.68 0.84 0.96 1.  ]] ACC-AUC: 0.542
2022-01-20 19:24:43,798 - pg_train.py[line:147] - INFO: Epoch: 27, LR: 0.00100, Ratio: 0.20, Train Loss: -26.207, Val Loss: -0.968
2022-01-20 19:24:43,800 - pg_train.py[line:148] - INFO: ACC:[[0.19 0.22 0.27 0.33 0.41 0.52 0.68 0.84 0.96 1.  ]] ACC-AUC: 0.542
2022-01-20 19:26:27,700 - pg_train.py[line:147] - INFO: Epoch: 28, LR: 0.00100, Ratio: 0.20, Train Loss: -27.178, Val Loss: -0.969
2022-01-20 19:26:27,702 - pg_train.py[line:148] - INFO: ACC:[[0.19 0.22 0.27 0.34 0.41 0.52 0.68 0.84 0.95 1.  ]] ACC-AUC: 0.542
2022-01-20 19:28:11,734 - pg_train.py[line:147] - INFO: Epoch: 29, LR: 0.00100, Ratio: 0.20, Train Loss: -28.149, Val Loss: -0.968
2022-01-20 19:28:11,736 - pg_train.py[line:148] - INFO: ACC:[[0.18 0.22 0.27 0.34 0.41 0.52 0.68 0.84 0.95 1.  ]] ACC-AUC: 0.543
2022-01-20 19:29:55,625 - pg_train.py[line:147] - INFO: Epoch: 30, LR: 0.00100, Ratio: 0.20, Train Loss: -29.120, Val Loss: -0.968
2022-01-20 19:29:55,627 - pg_train.py[line:148] - INFO: ACC:[[0.18 0.22 0.27 0.34 0.42 0.52 0.68 0.84 0.95 1.  ]] ACC-AUC: 0.542
2022-01-20 19:31:39,542 - pg_train.py[line:147] - INFO: Epoch: 31, LR: 0.00100, Ratio: 0.20, Train Loss: -30.090, Val Loss: -0.968
2022-01-20 19:31:39,545 - pg_train.py[line:148] - INFO: ACC:[[0.18 0.22 0.27 0.34 0.42 0.52 0.68 0.84 0.95 1.  ]] ACC-AUC: 0.542
2022-01-20 19:33:23,523 - pg_train.py[line:147] - INFO: Epoch: 32, LR: 0.00100, Ratio: 0.20, Train Loss: -31.061, Val Loss: -0.968
2022-01-20 19:33:23,525 - pg_train.py[line:148] - INFO: ACC:[[0.17 0.22 0.27 0.34 0.42 0.52 0.68 0.84 0.95 1.  ]] ACC-AUC: 0.541
2022-01-20 19:35:07,496 - pg_train.py[line:147] - INFO: Epoch: 33, LR: 0.00100, Ratio: 0.20, Train Loss: -32.032, Val Loss: -0.969
2022-01-20 19:35:07,498 - pg_train.py[line:148] - INFO: ACC:[[0.18 0.22 0.27 0.34 0.41 0.52 0.68 0.84 0.95 1.  ]] ACC-AUC: 0.541
2022-01-20 19:36:51,505 - pg_train.py[line:147] - INFO: Epoch: 34, LR: 0.00100, Ratio: 0.20, Train Loss: -33.003, Val Loss: -0.968
2022-01-20 19:36:51,507 - pg_train.py[line:148] - INFO: ACC:[[0.18 0.22 0.27 0.34 0.41 0.53 0.68 0.84 0.95 1.  ]] ACC-AUC: 0.542
2022-01-20 19:38:35,128 - pg_train.py[line:147] - INFO: Epoch: 35, LR: 0.00100, Ratio: 0.20, Train Loss: -33.973, Val Loss: -0.969
2022-01-20 19:38:35,130 - pg_train.py[line:148] - INFO: ACC:[[0.17 0.22 0.27 0.34 0.42 0.52 0.68 0.84 0.95 1.  ]] ACC-AUC: 0.541
2022-01-20 19:40:18,881 - pg_train.py[line:147] - INFO: Epoch: 36, LR: 0.00100, Ratio: 0.20, Train Loss: -34.944, Val Loss: -0.968
2022-01-20 19:40:18,884 - pg_train.py[line:148] - INFO: ACC:[[0.17 0.22 0.27 0.34 0.42 0.52 0.68 0.84 0.95 1.  ]] ACC-AUC: 0.541
2022-01-20 19:42:02,579 - pg_train.py[line:147] - INFO: Epoch: 37, LR: 0.00100, Ratio: 0.20, Train Loss: -35.915, Val Loss: -0.968
2022-01-20 19:42:02,581 - pg_train.py[line:148] - INFO: ACC:[[0.17 0.22 0.26 0.34 0.41 0.52 0.68 0.84 0.95 1.  ]] ACC-AUC: 0.540
2022-01-20 19:43:46,442 - pg_train.py[line:147] - INFO: Epoch: 38, LR: 0.00100, Ratio: 0.20, Train Loss: -36.886, Val Loss: -0.969
2022-01-20 19:43:46,444 - pg_train.py[line:148] - INFO: ACC:[[0.18 0.22 0.27 0.34 0.43 0.52 0.68 0.84 0.95 1.  ]] ACC-AUC: 0.544
2022-01-20 19:45:30,415 - pg_train.py[line:147] - INFO: Epoch: 39, LR: 0.00100, Ratio: 0.20, Train Loss: -37.857, Val Loss: -0.969
2022-01-20 19:45:30,417 - pg_train.py[line:148] - INFO: ACC:[[0.19 0.23 0.27 0.34 0.41 0.52 0.69 0.84 0.95 1.  ]] ACC-AUC: 0.544
2022-01-20 19:47:14,168 - pg_train.py[line:147] - INFO: Epoch: 40, LR: 0.00100, Ratio: 0.20, Train Loss: -38.827, Val Loss: -0.968
2022-01-20 19:47:14,170 - pg_train.py[line:148] - INFO: ACC:[[0.2  0.23 0.27 0.33 0.41 0.52 0.69 0.85 0.94 1.  ]] ACC-AUC: 0.544
2022-01-20 19:48:58,160 - pg_train.py[line:147] - INFO: Epoch: 41, LR: 0.00100, Ratio: 0.20, Train Loss: -39.798, Val Loss: -0.969
2022-01-20 19:48:58,162 - pg_train.py[line:148] - INFO: ACC:[[0.19 0.22 0.27 0.33 0.42 0.52 0.7  0.85 0.95 1.  ]] ACC-AUC: 0.546
2022-01-20 19:50:42,140 - pg_train.py[line:147] - INFO: Epoch: 42, LR: 0.00100, Ratio: 0.20, Train Loss: -40.769, Val Loss: -0.969
2022-01-20 19:50:42,142 - pg_train.py[line:148] - INFO: ACC:[[0.19 0.23 0.26 0.33 0.42 0.51 0.71 0.85 0.95 1.  ]] ACC-AUC: 0.545
2022-01-20 19:52:25,964 - pg_train.py[line:147] - INFO: Epoch: 43, LR: 0.00100, Ratio: 0.20, Train Loss: -41.740, Val Loss: -0.968
2022-01-20 19:52:25,966 - pg_train.py[line:148] - INFO: ACC:[[0.19 0.23 0.26 0.33 0.42 0.52 0.7  0.84 0.95 1.  ]] ACC-AUC: 0.544
2022-01-20 19:54:09,756 - pg_train.py[line:147] - INFO: Epoch: 44, LR: 0.00100, Ratio: 0.20, Train Loss: -42.711, Val Loss: -0.969
2022-01-20 19:54:09,757 - pg_train.py[line:148] - INFO: ACC:[[0.19 0.22 0.27 0.33 0.42 0.51 0.71 0.84 0.94 1.  ]] ACC-AUC: 0.544
2022-01-20 19:55:53,727 - pg_train.py[line:147] - INFO: Epoch: 45, LR: 0.00100, Ratio: 0.20, Train Loss: -43.681, Val Loss: -0.969
2022-01-20 19:55:53,729 - pg_train.py[line:148] - INFO: ACC:[[0.19 0.22 0.26 0.32 0.42 0.51 0.7  0.85 0.95 1.  ]] ACC-AUC: 0.543
2022-01-20 19:57:37,609 - pg_train.py[line:147] - INFO: Epoch: 46, LR: 0.00100, Ratio: 0.20, Train Loss: -44.652, Val Loss: -0.968
2022-01-20 19:57:37,611 - pg_train.py[line:148] - INFO: ACC:[[0.19 0.22 0.26 0.32 0.42 0.52 0.7  0.85 0.94 1.  ]] ACC-AUC: 0.542
2022-01-20 19:59:21,606 - pg_train.py[line:147] - INFO: Epoch: 47, LR: 0.00100, Ratio: 0.20, Train Loss: -45.623, Val Loss: -0.969
2022-01-20 19:59:21,607 - pg_train.py[line:148] - INFO: ACC:[[0.19 0.23 0.26 0.33 0.42 0.52 0.7  0.85 0.95 1.  ]] ACC-AUC: 0.544
2022-01-20 20:01:05,539 - pg_train.py[line:147] - INFO: Epoch: 48, LR: 0.00100, Ratio: 0.20, Train Loss: -46.594, Val Loss: -0.968
2022-01-20 20:01:05,543 - pg_train.py[line:148] - INFO: ACC:[[0.2  0.23 0.26 0.33 0.42 0.53 0.7  0.84 0.95 1.  ]] ACC-AUC: 0.544
2022-01-20 20:02:49,546 - pg_train.py[line:147] - INFO: Epoch: 49, LR: 0.00100, Ratio: 0.20, Train Loss: -47.565, Val Loss: -0.969
2022-01-20 20:02:49,551 - pg_train.py[line:148] - INFO: ACC:[[0.19 0.23 0.26 0.33 0.41 0.52 0.69 0.84 0.94 1.  ]] ACC-AUC: 0.542
2022-01-20 20:04:33,468 - pg_train.py[line:147] - INFO: Epoch: 50, LR: 0.00100, Ratio: 0.20, Train Loss: -48.535, Val Loss: -0.969
2022-01-20 20:04:33,470 - pg_train.py[line:148] - INFO: ACC:[[0.2  0.23 0.26 0.32 0.41 0.53 0.69 0.85 0.94 1.  ]] ACC-AUC: 0.543
