2022-01-20 22:55:09,035 - refine_train_mod.py[line:97] - INFO: number of graphs(train): 2185
2022-01-20 22:55:09,037 - refine_train_mod.py[line:97] - INFO: number of graphs(val):  398
2022-01-20 22:55:09,039 - refine_train_mod.py[line:97] - INFO: number of graphs(test):  397
2022-01-20 22:55:27,877 - refine_train_mod.py[line:161] - INFO: Epoch: 1, LR: 0.00010, Ratio: 0.40, Train Loss: -0.339, Val Loss: -0.355
2022-01-20 22:55:27,879 - refine_train_mod.py[line:163] - INFO: ACC:[[0.31 0.31 0.31 0.31 0.32 0.39 0.53 0.8  0.98 1.  ]] ACC-AUC: 0.525 Mean P: 0.454
2022-01-20 22:55:44,639 - refine_train_mod.py[line:161] - INFO: Epoch: 2, LR: 0.00010, Ratio: 0.40, Train Loss: -0.683, Val Loss: -0.369
2022-01-20 22:56:01,402 - refine_train_mod.py[line:161] - INFO: Epoch: 3, LR: 0.00010, Ratio: 0.40, Train Loss: -1.037, Val Loss: -0.377
2022-01-20 22:56:01,403 - refine_train_mod.py[line:163] - INFO: ACC:[[0.31 0.31 0.31 0.32 0.37 0.49 0.73 0.87 0.98 1.  ]] ACC-AUC: 0.569 Mean P: 0.456
2022-01-20 22:56:18,177 - refine_train_mod.py[line:161] - INFO: Epoch: 4, LR: 0.00010, Ratio: 0.40, Train Loss: -1.398, Val Loss: -0.396
2022-01-20 22:56:34,920 - refine_train_mod.py[line:161] - INFO: Epoch: 5, LR: 0.00010, Ratio: 0.40, Train Loss: -1.768, Val Loss: -0.396
2022-01-20 22:56:34,921 - refine_train_mod.py[line:163] - INFO: ACC:[[0.31 0.31 0.32 0.34 0.41 0.56 0.79 0.94 0.99 1.  ]] ACC-AUC: 0.597 Mean P: 0.462
2022-01-20 22:56:51,658 - refine_train_mod.py[line:161] - INFO: Epoch: 6, LR: 0.00010, Ratio: 0.40, Train Loss: -2.144, Val Loss: -0.406
2022-01-20 22:57:08,411 - refine_train_mod.py[line:161] - INFO: Epoch: 7, LR: 0.00010, Ratio: 0.40, Train Loss: -2.529, Val Loss: -0.417
2022-01-20 22:57:08,412 - refine_train_mod.py[line:163] - INFO: ACC:[[0.31 0.31 0.31 0.38 0.43 0.64 0.82 0.95 0.98 1.  ]] ACC-AUC: 0.614 Mean P: 0.469
2022-01-20 22:57:25,144 - refine_train_mod.py[line:161] - INFO: Epoch: 8, LR: 0.00010, Ratio: 0.40, Train Loss: -2.927, Val Loss: -0.408
2022-01-20 22:57:41,905 - refine_train_mod.py[line:161] - INFO: Epoch: 9, LR: 0.00010, Ratio: 0.40, Train Loss: -3.328, Val Loss: -0.424
2022-01-20 22:57:41,906 - refine_train_mod.py[line:163] - INFO: ACC:[[0.31 0.31 0.31 0.36 0.42 0.65 0.8  0.93 0.99 1.  ]] ACC-AUC: 0.609 Mean P: 0.476
2022-01-20 22:57:58,687 - refine_train_mod.py[line:161] - INFO: Epoch: 10, LR: 0.00010, Ratio: 0.40, Train Loss: -3.734, Val Loss: -0.423
2022-01-20 22:58:15,444 - refine_train_mod.py[line:161] - INFO: Epoch: 11, LR: 0.00010, Ratio: 0.40, Train Loss: -4.142, Val Loss: -0.435
2022-01-20 22:58:15,446 - refine_train_mod.py[line:163] - INFO: ACC:[[0.31 0.31 0.31 0.37 0.42 0.64 0.76 0.9  0.99 1.  ]] ACC-AUC: 0.601 Mean P: 0.484
2022-01-20 22:58:32,183 - refine_train_mod.py[line:161] - INFO: Epoch: 12, LR: 0.00010, Ratio: 0.40, Train Loss: -4.557, Val Loss: -0.432
2022-01-20 22:58:48,923 - refine_train_mod.py[line:161] - INFO: Epoch: 13, LR: 0.00010, Ratio: 0.40, Train Loss: -4.978, Val Loss: -0.426
2022-01-20 22:58:48,924 - refine_train_mod.py[line:163] - INFO: ACC:[[0.31 0.31 0.31 0.38 0.43 0.62 0.77 0.92 0.99 0.99]] ACC-AUC: 0.602 Mean P: 0.492
2022-01-20 22:59:05,712 - refine_train_mod.py[line:161] - INFO: Epoch: 14, LR: 0.00010, Ratio: 0.40, Train Loss: -5.396, Val Loss: -0.439
2022-01-20 22:59:22,458 - refine_train_mod.py[line:161] - INFO: Epoch: 15, LR: 0.00010, Ratio: 0.40, Train Loss: -5.817, Val Loss: -0.444
2022-01-20 22:59:22,459 - refine_train_mod.py[line:163] - INFO: ACC:[[0.31 0.31 0.31 0.37 0.41 0.6  0.73 0.92 0.99 0.99]] ACC-AUC: 0.593 Mean P: 0.499
2022-01-20 22:59:39,206 - refine_train_mod.py[line:161] - INFO: Epoch: 16, LR: 0.00010, Ratio: 0.40, Train Loss: -6.243, Val Loss: -0.436
2022-01-20 22:59:55,943 - refine_train_mod.py[line:161] - INFO: Epoch: 17, LR: 0.00010, Ratio: 0.40, Train Loss: -6.665, Val Loss: -0.428
2022-01-20 22:59:55,944 - refine_train_mod.py[line:163] - INFO: ACC:[[0.31 0.31 0.31 0.35 0.39 0.56 0.71 0.9  0.99 1.  ]] ACC-AUC: 0.584 Mean P: 0.504
2022-01-20 23:00:12,682 - refine_train_mod.py[line:161] - INFO: Epoch: 18, LR: 0.00010, Ratio: 0.40, Train Loss: -7.092, Val Loss: -0.442
2022-01-20 23:00:29,432 - refine_train_mod.py[line:161] - INFO: Epoch: 19, LR: 0.00002, Ratio: 0.40, Train Loss: -7.516, Val Loss: -0.424
2022-01-20 23:00:29,433 - refine_train_mod.py[line:163] - INFO: ACC:[[0.31 0.31 0.32 0.36 0.39 0.54 0.7  0.9  0.99 0.99]] ACC-AUC: 0.580 Mean P: 0.509
2022-01-20 23:00:46,177 - refine_train_mod.py[line:161] - INFO: Epoch: 20, LR: 0.00002, Ratio: 0.40, Train Loss: -7.941, Val Loss: -0.442
2022-01-20 23:01:02,917 - refine_train_mod.py[line:161] - INFO: Epoch: 21, LR: 0.00002, Ratio: 0.40, Train Loss: -8.368, Val Loss: -0.445
2022-01-20 23:01:02,919 - refine_train_mod.py[line:163] - INFO: ACC:[[0.31 0.31 0.31 0.35 0.38 0.54 0.71 0.89 0.99 0.99]] ACC-AUC: 0.577 Mean P: 0.510
2022-01-20 23:01:19,689 - refine_train_mod.py[line:161] - INFO: Epoch: 22, LR: 0.00002, Ratio: 0.40, Train Loss: -8.800, Val Loss: -0.440
2022-01-20 23:01:36,423 - refine_train_mod.py[line:161] - INFO: Epoch: 23, LR: 0.00002, Ratio: 0.40, Train Loss: -9.228, Val Loss: -0.440
2022-01-20 23:01:36,424 - refine_train_mod.py[line:163] - INFO: ACC:[[0.31 0.31 0.31 0.36 0.39 0.52 0.67 0.9  0.98 1.  ]] ACC-AUC: 0.575 Mean P: 0.510
2022-01-20 23:01:53,158 - refine_train_mod.py[line:161] - INFO: Epoch: 24, LR: 0.00002, Ratio: 0.40, Train Loss: -9.659, Val Loss: -0.445
2022-01-20 23:02:09,948 - refine_train_mod.py[line:161] - INFO: Epoch: 25, LR: 0.00001, Ratio: 0.40, Train Loss: -10.086, Val Loss: -0.434
2022-01-20 23:02:09,949 - refine_train_mod.py[line:163] - INFO: ACC:[[0.31 0.31 0.31 0.34 0.39 0.55 0.71 0.9  0.99 0.99]] ACC-AUC: 0.580 Mean P: 0.511
