2022-01-24 17:59:46,239 - refine_train_no_relu.py[line:97] - INFO: number of graphs(train): 5986
2022-01-24 17:59:46,243 - refine_train_no_relu.py[line:97] - INFO: number of graphs(val):  973
2022-01-24 17:59:46,246 - refine_train_no_relu.py[line:97] - INFO: number of graphs(test):  979
2022-01-24 18:01:35,923 - refine_train_no_relu.py[line:161] - INFO: Epoch: 1, LR: 0.00100, Ratio: 0.20, Train Loss: -1.179, Val Loss: -1.104
2022-01-24 18:01:36,003 - refine_train_no_relu.py[line:163] - INFO: ACC:[[0.27 0.35 0.4  0.5  0.56 0.62 0.73 0.85 0.94 1.  ]] ACC-AUC: 0.623 Mean P: 0.656
2022-01-24 18:03:23,226 - refine_train_no_relu.py[line:161] - INFO: Epoch: 2, LR: 0.00100, Ratio: 0.20, Train Loss: -2.281, Val Loss: -1.104
2022-01-24 18:05:10,467 - refine_train_no_relu.py[line:161] - INFO: Epoch: 3, LR: 0.00100, Ratio: 0.20, Train Loss: -3.382, Val Loss: -1.104
2022-01-24 18:05:10,547 - refine_train_no_relu.py[line:163] - INFO: ACC:[[0.27 0.34 0.42 0.48 0.54 0.61 0.71 0.85 0.94 1.  ]] ACC-AUC: 0.616 Mean P: 0.660
2022-01-24 18:06:57,897 - refine_train_no_relu.py[line:161] - INFO: Epoch: 4, LR: 0.00100, Ratio: 0.20, Train Loss: -4.484, Val Loss: -1.104
2022-01-24 18:08:45,238 - refine_train_no_relu.py[line:161] - INFO: Epoch: 5, LR: 0.00100, Ratio: 0.20, Train Loss: -5.585, Val Loss: -1.104
2022-01-24 18:08:45,313 - refine_train_no_relu.py[line:163] - INFO: ACC:[[0.28 0.34 0.42 0.48 0.54 0.61 0.7  0.85 0.94 1.  ]] ACC-AUC: 0.616 Mean P: 0.660
2022-01-24 18:10:32,577 - refine_train_no_relu.py[line:161] - INFO: Epoch: 6, LR: 0.00100, Ratio: 0.20, Train Loss: -6.687, Val Loss: -1.104
2022-01-24 18:12:20,002 - refine_train_no_relu.py[line:161] - INFO: Epoch: 7, LR: 0.00100, Ratio: 0.20, Train Loss: -7.788, Val Loss: -1.104
2022-01-24 18:12:20,084 - refine_train_no_relu.py[line:163] - INFO: ACC:[[0.27 0.34 0.42 0.48 0.54 0.61 0.7  0.85 0.94 1.  ]] ACC-AUC: 0.616 Mean P: 0.660
2022-01-24 18:14:07,446 - refine_train_no_relu.py[line:161] - INFO: Epoch: 8, LR: 0.00100, Ratio: 0.20, Train Loss: -8.890, Val Loss: -1.104
2022-01-24 18:15:54,478 - refine_train_no_relu.py[line:161] - INFO: Epoch: 9, LR: 0.00100, Ratio: 0.20, Train Loss: -9.992, Val Loss: -1.104
2022-01-24 18:15:54,556 - refine_train_no_relu.py[line:163] - INFO: ACC:[[0.27 0.34 0.42 0.48 0.54 0.61 0.7  0.85 0.94 1.  ]] ACC-AUC: 0.616 Mean P: 0.660
2022-01-24 18:17:41,749 - refine_train_no_relu.py[line:161] - INFO: Epoch: 10, LR: 0.00100, Ratio: 0.20, Train Loss: -11.093, Val Loss: -1.104
2022-01-24 18:19:29,146 - refine_train_no_relu.py[line:161] - INFO: Epoch: 11, LR: 0.00100, Ratio: 0.20, Train Loss: -12.195, Val Loss: -1.104
2022-01-24 18:19:29,223 - refine_train_no_relu.py[line:163] - INFO: ACC:[[0.27 0.34 0.42 0.48 0.54 0.61 0.7  0.85 0.94 1.  ]] ACC-AUC: 0.616 Mean P: 0.660
2022-01-24 18:21:16,544 - refine_train_no_relu.py[line:161] - INFO: Epoch: 12, LR: 0.00100, Ratio: 0.20, Train Loss: -13.296, Val Loss: -1.104
2022-01-24 18:23:04,008 - refine_train_no_relu.py[line:161] - INFO: Epoch: 13, LR: 0.00100, Ratio: 0.20, Train Loss: -14.398, Val Loss: -1.104
2022-01-24 18:23:04,090 - refine_train_no_relu.py[line:163] - INFO: ACC:[[0.27 0.34 0.42 0.48 0.54 0.61 0.7  0.85 0.94 1.  ]] ACC-AUC: 0.616 Mean P: 0.660
2022-01-24 18:24:51,412 - refine_train_no_relu.py[line:161] - INFO: Epoch: 14, LR: 0.00100, Ratio: 0.20, Train Loss: -15.500, Val Loss: -1.104
2022-01-24 18:26:38,909 - refine_train_no_relu.py[line:161] - INFO: Epoch: 15, LR: 0.00100, Ratio: 0.20, Train Loss: -16.601, Val Loss: -1.104
2022-01-24 18:26:38,992 - refine_train_no_relu.py[line:163] - INFO: ACC:[[0.27 0.34 0.42 0.48 0.54 0.61 0.7  0.85 0.94 1.  ]] ACC-AUC: 0.616 Mean P: 0.660
2022-01-24 18:28:26,354 - refine_train_no_relu.py[line:161] - INFO: Epoch: 16, LR: 0.00100, Ratio: 0.20, Train Loss: -17.703, Val Loss: -1.104
2022-01-24 18:30:13,810 - refine_train_no_relu.py[line:161] - INFO: Epoch: 17, LR: 0.00100, Ratio: 0.20, Train Loss: -18.804, Val Loss: -1.104
2022-01-24 18:30:13,889 - refine_train_no_relu.py[line:163] - INFO: ACC:[[0.27 0.34 0.42 0.48 0.54 0.61 0.7  0.85 0.94 1.  ]] ACC-AUC: 0.616 Mean P: 0.660
2022-01-24 18:32:01,372 - refine_train_no_relu.py[line:161] - INFO: Epoch: 18, LR: 0.00100, Ratio: 0.20, Train Loss: -19.906, Val Loss: -1.104
2022-01-24 18:33:48,685 - refine_train_no_relu.py[line:161] - INFO: Epoch: 19, LR: 0.00100, Ratio: 0.20, Train Loss: -21.008, Val Loss: -1.104
2022-01-24 18:33:48,764 - refine_train_no_relu.py[line:163] - INFO: ACC:[[0.27 0.34 0.42 0.48 0.54 0.61 0.7  0.85 0.94 1.  ]] ACC-AUC: 0.616 Mean P: 0.660
2022-01-24 18:35:35,940 - refine_train_no_relu.py[line:161] - INFO: Epoch: 20, LR: 0.00100, Ratio: 0.20, Train Loss: -22.109, Val Loss: -1.104
2022-01-24 18:37:23,521 - refine_train_no_relu.py[line:161] - INFO: Epoch: 21, LR: 0.00100, Ratio: 0.20, Train Loss: -23.211, Val Loss: -1.104
2022-01-24 18:37:23,606 - refine_train_no_relu.py[line:163] - INFO: ACC:[[0.27 0.34 0.42 0.48 0.54 0.61 0.7  0.85 0.94 1.  ]] ACC-AUC: 0.616 Mean P: 0.660
2022-01-24 18:39:11,041 - refine_train_no_relu.py[line:161] - INFO: Epoch: 22, LR: 0.00100, Ratio: 0.20, Train Loss: -24.312, Val Loss: -1.104
2022-01-24 18:40:58,459 - refine_train_no_relu.py[line:161] - INFO: Epoch: 23, LR: 0.00100, Ratio: 0.20, Train Loss: -25.414, Val Loss: -1.104
2022-01-24 18:40:58,545 - refine_train_no_relu.py[line:163] - INFO: ACC:[[0.27 0.34 0.42 0.48 0.54 0.61 0.7  0.85 0.94 1.  ]] ACC-AUC: 0.616 Mean P: 0.660
2022-01-24 18:42:45,891 - refine_train_no_relu.py[line:161] - INFO: Epoch: 24, LR: 0.00100, Ratio: 0.20, Train Loss: -26.516, Val Loss: -1.104
2022-01-24 18:44:33,409 - refine_train_no_relu.py[line:161] - INFO: Epoch: 25, LR: 0.00100, Ratio: 0.20, Train Loss: -27.617, Val Loss: -1.104
2022-01-24 18:44:33,495 - refine_train_no_relu.py[line:163] - INFO: ACC:[[0.27 0.34 0.42 0.48 0.54 0.61 0.7  0.85 0.94 1.  ]] ACC-AUC: 0.616 Mean P: 0.660
