2022-02-11 11:52:27,366 - refine_train.py[line:96] - INFO: number of graphs(train): 2962
2022-02-11 11:52:27,369 - refine_train.py[line:96] - INFO: number of graphs(val):  401
2022-02-11 11:52:27,371 - refine_train.py[line:96] - INFO: number of graphs(test):  401
2022-02-11 11:52:54,360 - refine_train.py[line:160] - INFO: Epoch: 1, LR: 0.00100, Ratio: 0.40, Train Loss: -0.920, Val Loss: -1.032
2022-02-11 11:52:54,363 - refine_train.py[line:162] - INFO: ACC:[[0.8  0.83 0.84 0.89 0.9  0.87 0.86 0.88 0.9  1.  ]] ACC-AUC: 0.876 Mean P: 0.615
2022-02-11 11:53:19,249 - refine_train.py[line:160] - INFO: Epoch: 2, LR: 0.00100, Ratio: 0.40, Train Loss: -1.906, Val Loss: -1.041
2022-02-11 11:53:44,155 - refine_train.py[line:160] - INFO: Epoch: 3, LR: 0.00100, Ratio: 0.40, Train Loss: -2.902, Val Loss: -1.053
2022-02-11 11:53:44,157 - refine_train.py[line:162] - INFO: ACC:[[0.79 0.83 0.88 0.89 0.88 0.83 0.81 0.84 0.93 1.  ]] ACC-AUC: 0.866 Mean P: 0.609
2022-02-11 11:54:09,100 - refine_train.py[line:160] - INFO: Epoch: 4, LR: 0.00100, Ratio: 0.40, Train Loss: -3.904, Val Loss: -1.061
2022-02-11 11:54:33,980 - refine_train.py[line:160] - INFO: Epoch: 5, LR: 0.00100, Ratio: 0.40, Train Loss: -4.910, Val Loss: -1.067
2022-02-11 11:54:33,982 - refine_train.py[line:162] - INFO: ACC:[[0.86 0.91 0.9  0.9  0.87 0.84 0.82 0.88 0.93 1.  ]] ACC-AUC: 0.890 Mean P: 0.617
2022-02-11 11:54:58,849 - refine_train.py[line:160] - INFO: Epoch: 6, LR: 0.00100, Ratio: 0.40, Train Loss: -5.923, Val Loss: -1.075
2022-02-11 11:55:23,718 - refine_train.py[line:160] - INFO: Epoch: 7, LR: 0.00100, Ratio: 0.40, Train Loss: -6.940, Val Loss: -1.082
2022-02-11 11:55:23,720 - refine_train.py[line:162] - INFO: ACC:[[0.93 0.94 0.94 0.92 0.9  0.82 0.8  0.84 0.93 1.  ]] ACC-AUC: 0.899 Mean P: 0.605
2022-02-11 11:55:48,598 - refine_train.py[line:160] - INFO: Epoch: 8, LR: 0.00100, Ratio: 0.40, Train Loss: -7.963, Val Loss: -1.086
2022-02-11 11:56:13,481 - refine_train.py[line:160] - INFO: Epoch: 9, LR: 0.00100, Ratio: 0.40, Train Loss: -8.991, Val Loss: -1.090
2022-02-11 11:56:13,483 - refine_train.py[line:162] - INFO: ACC:[[0.95 0.94 0.94 0.94 0.92 0.92 0.9  0.92 0.95 1.  ]] ACC-AUC: 0.935 Mean P: 0.592
2022-02-11 11:56:38,374 - refine_train.py[line:160] - INFO: Epoch: 10, LR: 0.00100, Ratio: 0.40, Train Loss: -10.026, Val Loss: -1.109
2022-02-11 11:57:03,272 - refine_train.py[line:160] - INFO: Epoch: 11, LR: 0.00100, Ratio: 0.40, Train Loss: -11.071, Val Loss: -1.115
2022-02-11 11:57:03,274 - refine_train.py[line:162] - INFO: ACC:[[0.97 0.97 0.97 0.95 0.93 0.93 0.91 0.95 0.95 1.  ]] ACC-AUC: 0.950 Mean P: 0.568
2022-02-11 11:57:28,155 - refine_train.py[line:160] - INFO: Epoch: 12, LR: 0.00100, Ratio: 0.40, Train Loss: -12.123, Val Loss: -1.115
2022-02-11 11:57:53,030 - refine_train.py[line:160] - INFO: Epoch: 13, LR: 0.00100, Ratio: 0.40, Train Loss: -13.178, Val Loss: -1.134
2022-02-11 11:57:53,032 - refine_train.py[line:162] - INFO: ACC:[[0.97 0.97 0.98 0.97 0.94 0.96 0.94 0.94 0.97 1.  ]] ACC-AUC: 0.962 Mean P: 0.526
2022-02-11 11:58:17,912 - refine_train.py[line:160] - INFO: Epoch: 14, LR: 0.00100, Ratio: 0.40, Train Loss: -14.244, Val Loss: -1.123
2022-02-11 11:58:42,874 - refine_train.py[line:160] - INFO: Epoch: 15, LR: 0.00100, Ratio: 0.40, Train Loss: -15.315, Val Loss: -1.136
2022-02-11 11:58:42,876 - refine_train.py[line:162] - INFO: ACC:[[0.97 0.98 0.98 0.97 0.95 0.94 0.93 0.92 0.95 1.  ]] ACC-AUC: 0.958 Mean P: 0.466
2022-02-11 11:59:07,849 - refine_train.py[line:160] - INFO: Epoch: 16, LR: 0.00100, Ratio: 0.40, Train Loss: -16.391, Val Loss: -1.138
2022-02-11 11:59:32,766 - refine_train.py[line:160] - INFO: Epoch: 17, LR: 0.00100, Ratio: 0.40, Train Loss: -17.470, Val Loss: -1.144
2022-02-11 11:59:32,768 - refine_train.py[line:162] - INFO: ACC:[[0.98 0.98 0.98 0.97 0.94 0.94 0.92 0.9  0.95 1.  ]] ACC-AUC: 0.955 Mean P: 0.419
2022-02-11 11:59:57,703 - refine_train.py[line:160] - INFO: Epoch: 18, LR: 0.00100, Ratio: 0.40, Train Loss: -18.554, Val Loss: -1.151
2022-02-11 12:00:22,701 - refine_train.py[line:160] - INFO: Epoch: 19, LR: 0.00100, Ratio: 0.40, Train Loss: -19.640, Val Loss: -1.149
2022-02-11 12:00:22,704 - refine_train.py[line:162] - INFO: ACC:[[0.98 0.98 0.98 0.97 0.94 0.93 0.93 0.92 0.95 1.  ]] ACC-AUC: 0.958 Mean P: 0.372
2022-02-11 12:00:47,729 - refine_train.py[line:160] - INFO: Epoch: 20, LR: 0.00100, Ratio: 0.40, Train Loss: -20.729, Val Loss: -1.153
2022-02-11 12:01:12,564 - refine_train.py[line:160] - INFO: Epoch: 21, LR: 0.00100, Ratio: 0.40, Train Loss: -21.819, Val Loss: -1.156
2022-02-11 12:01:12,566 - refine_train.py[line:162] - INFO: ACC:[[0.97 0.99 0.97 0.96 0.95 0.94 0.93 0.92 0.93 1.  ]] ACC-AUC: 0.956 Mean P: 0.344
2022-02-11 12:01:37,363 - refine_train.py[line:160] - INFO: Epoch: 22, LR: 0.00100, Ratio: 0.40, Train Loss: -22.911, Val Loss: -1.156
2022-02-11 12:02:02,267 - refine_train.py[line:160] - INFO: Epoch: 23, LR: 0.00100, Ratio: 0.40, Train Loss: -24.005, Val Loss: -1.160
2022-02-11 12:02:02,269 - refine_train.py[line:162] - INFO: ACC:[[0.98 0.98 0.98 0.96 0.95 0.95 0.93 0.92 0.95 1.  ]] ACC-AUC: 0.961 Mean P: 0.332
2022-02-11 12:02:27,208 - refine_train.py[line:160] - INFO: Epoch: 24, LR: 0.00100, Ratio: 0.40, Train Loss: -25.101, Val Loss: -1.162
2022-02-11 12:02:52,143 - refine_train.py[line:160] - INFO: Epoch: 25, LR: 0.00100, Ratio: 0.40, Train Loss: -26.195, Val Loss: -1.156
2022-02-11 12:02:52,145 - refine_train.py[line:162] - INFO: ACC:[[0.99 0.98 0.98 0.96 0.96 0.94 0.93 0.91 0.95 1.  ]] ACC-AUC: 0.960 Mean P: 0.323
